
Specified cast is not valid.

Specified cast is not valid.

SQL logic error
no such column: user_id

SQL logic error
no such column: user_id

SQL logic error
no such column: user_id

SQL logic error
no such column: user_id

SQL logic error
no such column: user_id

SQL logic error
no such column: user_id

SQL logic error
no such column: user_id

SQL logic error
no such column: user_id

SQL logic error
no such column: user_id

SQL logic error
no such column: user_id

SQL logic error
no such column: user_id

SQL logic error
no such column: user_id

SQL logic error
incomplete input

SQL logic error
no such column: user_id

SQL logic error
no such column: user_id

SQL logic error
incomplete input

SQL logic error
no such column: user_id

SQL logic error
near "=": syntax error

SQL logic error
near "=": syntax error

SQL logic error
near "=": syntax error

SQL logic error
no such column: comics_id

SQL logic error
no such column: comics_id

SQL logic error
no such column: comics_id

SQL logic error
no such column: comics_id

SQL logic error
no such column: comics_id

SQL logic error
no such column: comics_id

SQL logic error
no such column: comics_id

SQL logic error
no such column: comics_id

SQL logic error
no such column: comics_id

Input string was not in a correct format.

SQL logic error
near ";": syntax error

SQL logic error
near ";": syntax error

SQL logic error
near ";": syntax error

SQL logic error
near ";": syntax error

SQL logic error
near ";": syntax error

SQL logic error
near ";": syntax error

SQL logic error
near ";": syntax error

SQL logic error
near ";": syntax error

SQL logic error
near ";": syntax error

SQL logic error
near ";": syntax error

SQL logic error
near ";": syntax error

SQL logic error
near ";": syntax error

SQL logic error
near ";": syntax error

SQL logic error
near ";": syntax error

SQL logic error
near ";": syntax error

SQL logic error
near ";": syntax error

SQL logic error
near ";": syntax error

SQL logic error
near ";": syntax error

SQL logic error
near ";": syntax error

SQL logic error
near ";": syntax error

SQL logic error
near ";": syntax error

SQL logic error
near ";": syntax error

SQL logic error
near ";": syntax error

SQL logic error
near ",": syntax error

SQL logic error
near ";": syntax error
